[2021-03-12T08:46:49.046+0100][0.007s] Heap region size: 1M
[2021-03-12T08:46:49.481+0100][0.443s] Using G1
[2021-03-12T08:46:49.481+0100][0.443s] Heap address: 0x00000000e0000000, size: 512 MB, Compressed Oops mode: 32-bit
[2021-03-12T08:46:49.481+0100][0.443s] Mark closed archive regions in map: [0x00000000fff00000, 0x00000000fff79ff8]
[2021-03-12T08:46:49.481+0100][0.443s] Mark open archive regions in map: [0x00000000ffe00000, 0x00000000ffe47ff8]
[2021-03-12T08:46:49.496+0100][0.458s] Periodic GC disabled
[2021-03-12T08:46:50.422+0100][1.383s] GC(0) Pause Young (Normal) (G1 Evacuation Pause)
[2021-03-12T08:46:50.422+0100][1.384s] GC(0) Using 4 workers of 4 for evacuation
[2021-03-12T08:46:50.432+0100][1.393s] GC(0)   Pre Evacuate Collection Set: 0.0ms
[2021-03-12T08:46:50.432+0100][1.393s] GC(0)   Evacuate Collection Set: 9.3ms
[2021-03-12T08:46:50.432+0100][1.393s] GC(0)   Post Evacuate Collection Set: 0.3ms
[2021-03-12T08:46:50.432+0100][1.393s] GC(0)   Other: 0.4ms
[2021-03-12T08:46:50.432+0100][1.393s] GC(0) Eden regions: 25->0(304)
[2021-03-12T08:46:50.432+0100][1.393s] GC(0) Survivor regions: 0->3(4)
[2021-03-12T08:46:50.432+0100][1.393s] GC(0) Old regions: 0->0
[2021-03-12T08:46:50.432+0100][1.393s] GC(0) Archive regions: 2->2
[2021-03-12T08:46:50.432+0100][1.393s] GC(0) Humongous regions: 0->0
[2021-03-12T08:46:50.432+0100][1.393s] GC(0) Metaspace: 5232K->5232K(1056768K)
[2021-03-12T08:46:50.432+0100][1.394s] GC(0) Pause Young (Normal) (G1 Evacuation Pause) 25M->3M(512M) 10.060ms
[2021-03-12T08:46:50.432+0100][1.394s] GC(0) User=0.02s Sys=0.00s Real=0.01s
[2021-03-12T08:46:51.979+0100][2.941s] GC(1) Pause Young (Concurrent Start) (Metadata GC Threshold)
[2021-03-12T08:46:51.979+0100][2.941s] GC(1) Using 4 workers of 4 for evacuation
[2021-03-12T08:46:52.000+0100][2.962s] GC(1)   Pre Evacuate Collection Set: 0.1ms
[2021-03-12T08:46:52.000+0100][2.962s] GC(1)   Evacuate Collection Set: 19.3ms
[2021-03-12T08:46:52.000+0100][2.962s] GC(1)   Post Evacuate Collection Set: 1.5ms
[2021-03-12T08:46:52.000+0100][2.962s] GC(1)   Other: 0.2ms
[2021-03-12T08:46:52.000+0100][2.962s] GC(1) Eden regions: 112->0(53)
[2021-03-12T08:46:52.000+0100][2.962s] GC(1) Survivor regions: 3->19(20)
[2021-03-12T08:46:52.000+0100][2.962s] GC(1) Old regions: 0->0
[2021-03-12T08:46:52.000+0100][2.962s] GC(1) Archive regions: 2->2
[2021-03-12T08:46:52.001+0100][2.962s] GC(1) Humongous regions: 4->4
[2021-03-12T08:46:52.001+0100][2.962s] GC(1) Metaspace: 20359K->20359K(1069056K)
[2021-03-12T08:46:52.001+0100][2.962s] GC(1) Pause Young (Concurrent Start) (Metadata GC Threshold) 118M->23M(512M) 21.103ms
[2021-03-12T08:46:52.001+0100][2.962s] GC(1) User=0.06s Sys=0.00s Real=0.02s
[2021-03-12T08:46:52.001+0100][2.962s] GC(2) Concurrent Cycle
[2021-03-12T08:46:52.001+0100][2.962s] GC(2) Concurrent Clear Claimed Marks
[2021-03-12T08:46:52.001+0100][2.962s] GC(2) Concurrent Clear Claimed Marks 0.030ms
[2021-03-12T08:46:52.001+0100][2.962s] GC(2) Concurrent Scan Root Regions
[2021-03-12T08:46:52.014+0100][2.976s] GC(2) Concurrent Scan Root Regions 13.684ms
[2021-03-12T08:46:52.014+0100][2.976s] GC(2) Concurrent Mark (2.976s)
[2021-03-12T08:46:52.014+0100][2.976s] GC(2) Concurrent Mark From Roots
[2021-03-12T08:46:52.014+0100][2.976s] GC(2) Using 1 workers of 1 for marking
[2021-03-12T08:46:52.018+0100][2.980s] GC(2) Concurrent Mark From Roots 3.754ms
[2021-03-12T08:46:52.018+0100][2.980s] GC(2) Concurrent Preclean
[2021-03-12T08:46:52.018+0100][2.980s] GC(2) Concurrent Preclean 0.079ms
[2021-03-12T08:46:52.018+0100][2.980s] GC(2) Concurrent Mark (2.976s, 2.980s) 3.950ms
[2021-03-12T08:46:52.024+0100][2.986s] GC(2) Pause Remark
[2021-03-12T08:46:52.032+0100][2.993s] GC(2) Pause Remark 24M->24M(512M) 7.384ms
[2021-03-12T08:46:52.032+0100][2.993s] GC(2) User=0.00s Sys=0.01s Real=0.01s
[2021-03-12T08:46:52.032+0100][2.994s] GC(2) Concurrent Rebuild Remembered Sets
[2021-03-12T08:46:52.034+0100][2.996s] GC(2) Concurrent Rebuild Remembered Sets 2.029ms
[2021-03-12T08:46:52.034+0100][2.996s] GC(2) Pause Cleanup
[2021-03-12T08:46:52.034+0100][2.996s] GC(2) Pause Cleanup 24M->24M(512M) 0.075ms
[2021-03-12T08:46:52.034+0100][2.996s] GC(2) User=0.00s Sys=0.00s Real=0.00s
[2021-03-12T08:46:52.034+0100][2.996s] GC(2) Concurrent Cleanup for Next Mark
[2021-03-12T08:46:52.035+0100][2.997s] GC(2) Concurrent Cleanup for Next Mark 0.749ms
[2021-03-12T08:46:52.035+0100][2.997s] GC(2) Concurrent Cycle 34.750ms
[2021-03-12T08:46:52.740+0100][3.701s] GC(3) Pause Young (Normal) (G1 Evacuation Pause)
[2021-03-12T08:46:52.740+0100][3.701s] GC(3) Using 4 workers of 4 for evacuation
[2021-03-12T08:46:52.773+0100][3.735s] GC(3)   Pre Evacuate Collection Set: 0.0ms
[2021-03-12T08:46:52.773+0100][3.735s] GC(3)   Evacuate Collection Set: 32.4ms
[2021-03-12T08:46:52.773+0100][3.735s] GC(3)   Post Evacuate Collection Set: 1.0ms
[2021-03-12T08:46:52.773+0100][3.735s] GC(3)   Other: 0.1ms
[2021-03-12T08:46:52.773+0100][3.735s] GC(3) Eden regions: 42->0(117)
[2021-03-12T08:46:52.773+0100][3.735s] GC(3) Survivor regions: 19->2(8)
[2021-03-12T08:46:52.773+0100][3.735s] GC(3) Old regions: 0->19
[2021-03-12T08:46:52.773+0100][3.735s] GC(3) Archive regions: 2->2
[2021-03-12T08:46:52.773+0100][3.735s] GC(3) Humongous regions: 4->4
[2021-03-12T08:46:52.773+0100][3.735s] GC(3) Metaspace: 24058K->24058K(1071104K)
[2021-03-12T08:46:52.773+0100][3.735s] GC(3) Pause Young (Normal) (G1 Evacuation Pause) 65M->25M(512M) 33.709ms
[2021-03-12T08:46:52.773+0100][3.735s] GC(3) User=0.08s Sys=0.00s Real=0.03s
[2021-03-12T08:46:53.922+0100][4.884s] GC(4) Pause Young (Normal) (G1 Evacuation Pause)
[2021-03-12T08:46:53.922+0100][4.884s] GC(4) Using 4 workers of 4 for evacuation
[2021-03-12T08:46:53.936+0100][4.898s] GC(4)   Pre Evacuate Collection Set: 0.0ms
[2021-03-12T08:46:53.936+0100][4.898s] GC(4)   Evacuate Collection Set: 12.9ms
[2021-03-12T08:46:53.936+0100][4.898s] GC(4)   Post Evacuate Collection Set: 0.6ms
[2021-03-12T08:46:53.936+0100][4.898s] GC(4)   Other: 0.2ms
[2021-03-12T08:46:53.936+0100][4.898s] GC(4) Eden regions: 117->0(173)
[2021-03-12T08:46:53.936+0100][4.898s] GC(4) Survivor regions: 2->6(15)
[2021-03-12T08:46:53.936+0100][4.898s] GC(4) Old regions: 19->19
[2021-03-12T08:46:53.936+0100][4.898s] GC(4) Archive regions: 2->2
[2021-03-12T08:46:53.936+0100][4.898s] GC(4) Humongous regions: 4->4
[2021-03-12T08:46:53.936+0100][4.898s] GC(4) Metaspace: 33069K->33069K(1079296K)
[2021-03-12T08:46:53.936+0100][4.898s] GC(4) Pause Young (Normal) (G1 Evacuation Pause) 142M->28M(512M) 13.725ms
[2021-03-12T08:46:53.936+0100][4.898s] GC(4) User=0.04s Sys=0.00s Real=0.02s
[2021-03-12T08:46:54.173+0100][5.135s] GC(5) Pause Young (Concurrent Start) (Metadata GC Threshold)
[2021-03-12T08:46:54.173+0100][5.135s] GC(5) Using 4 workers of 4 for evacuation
[2021-03-12T08:46:54.186+0100][5.148s] GC(5)   Pre Evacuate Collection Set: 0.2ms
[2021-03-12T08:46:54.186+0100][5.148s] GC(5)   Evacuate Collection Set: 12.0ms
[2021-03-12T08:46:54.186+0100][5.148s] GC(5)   Post Evacuate Collection Set: 0.5ms
[2021-03-12T08:46:54.186+0100][5.148s] GC(5)   Other: 0.2ms
[2021-03-12T08:46:54.186+0100][5.148s] GC(5) Eden regions: 25->0(145)
[2021-03-12T08:46:54.186+0100][5.148s] GC(5) Survivor regions: 6->6(23)
[2021-03-12T08:46:54.186+0100][5.148s] GC(5) Old regions: 19->19
[2021-03-12T08:46:54.186+0100][5.148s] GC(5) Archive regions: 2->2
[2021-03-12T08:46:54.186+0100][5.148s] GC(5) Humongous regions: 4->4
[2021-03-12T08:46:54.186+0100][5.148s] GC(5) Metaspace: 34498K->34498K(1081344K)
[2021-03-12T08:46:54.186+0100][5.148s] GC(5) Pause Young (Concurrent Start) (Metadata GC Threshold) 53M->28M(512M) 12.997ms
[2021-03-12T08:46:54.186+0100][5.148s] GC(5) User=0.02s Sys=0.01s Real=0.01s
[2021-03-12T08:46:54.186+0100][5.148s] GC(6) Concurrent Cycle
[2021-03-12T08:46:54.186+0100][5.148s] GC(6) Concurrent Clear Claimed Marks
[2021-03-12T08:46:54.186+0100][5.148s] GC(6) Concurrent Clear Claimed Marks 0.060ms
[2021-03-12T08:46:54.186+0100][5.148s] GC(6) Concurrent Scan Root Regions
[2021-03-12T08:46:54.192+0100][5.153s] GC(6) Concurrent Scan Root Regions 5.478ms
[2021-03-12T08:46:54.192+0100][5.153s] GC(6) Concurrent Mark (5.153s)
[2021-03-12T08:46:54.192+0100][5.153s] GC(6) Concurrent Mark From Roots
[2021-03-12T08:46:54.192+0100][5.153s] GC(6) Using 1 workers of 1 for marking
[2021-03-12T08:46:54.245+0100][5.206s] GC(6) Concurrent Mark From Roots 53.036ms
[2021-03-12T08:46:54.245+0100][5.206s] GC(6) Concurrent Preclean
[2021-03-12T08:46:54.245+0100][5.206s] GC(6) Concurrent Preclean 0.098ms
[2021-03-12T08:46:54.245+0100][5.206s] GC(6) Concurrent Mark (5.153s, 5.206s) 53.187ms
[2021-03-12T08:46:54.248+0100][5.210s] GC(6) Pause Remark
[2021-03-12T08:46:54.251+0100][5.213s] GC(6) Pause Remark 36M->36M(512M) 3.369ms
[2021-03-12T08:46:54.251+0100][5.213s] GC(6) User=0.00s Sys=0.00s Real=0.00s
[2021-03-12T08:46:54.251+0100][5.213s] GC(6) Concurrent Rebuild Remembered Sets
[2021-03-12T08:46:54.277+0100][5.239s] GC(6) Concurrent Rebuild Remembered Sets 25.406ms
[2021-03-12T08:46:54.280+0100][5.242s] GC(6) Pause Cleanup
[2021-03-12T08:46:54.280+0100][5.242s] GC(6) Pause Cleanup 37M->37M(512M) 0.159ms
[2021-03-12T08:46:54.280+0100][5.242s] GC(6) User=0.00s Sys=0.00s Real=0.00s
[2021-03-12T08:46:54.283+0100][5.245s] GC(6) Concurrent Cleanup for Next Mark
[2021-03-12T08:46:54.284+0100][5.246s] GC(6) Concurrent Cleanup for Next Mark 1.076ms
[2021-03-12T08:46:54.284+0100][5.246s] GC(6) Concurrent Cycle 98.064ms
[2021-03-12T08:46:57.263+0100][8.224s] GC(7) Pause Young (Normal) (G1 Evacuation Pause)
[2021-03-12T08:46:57.263+0100][8.225s] GC(7) Using 4 workers of 4 for evacuation
[2021-03-12T08:46:57.329+0100][8.290s] GC(7)   Pre Evacuate Collection Set: 0.3ms
[2021-03-12T08:46:57.329+0100][8.290s] GC(7)   Evacuate Collection Set: 42.0ms
[2021-03-12T08:46:57.329+0100][8.291s] GC(7)   Post Evacuate Collection Set: 19.4ms
[2021-03-12T08:46:57.329+0100][8.291s] GC(7)   Other: 4.2ms
[2021-03-12T08:46:57.329+0100][8.291s] GC(7) Eden regions: 145->0(158)
[2021-03-12T08:46:57.329+0100][8.291s] GC(7) Survivor regions: 6->12(19)
[2021-03-12T08:46:57.329+0100][8.291s] GC(7) Old regions: 19->19
[2021-03-12T08:46:57.329+0100][8.291s] GC(7) Archive regions: 2->2
[2021-03-12T08:46:57.329+0100][8.291s] GC(7) Humongous regions: 5->4
[2021-03-12T08:46:57.329+0100][8.291s] GC(7) Metaspace: 40951K->40951K(1085440K)
[2021-03-12T08:46:57.329+0100][8.291s] GC(7) Pause Young (Normal) (G1 Evacuation Pause) 174M->35M(512M) 66.458ms
[2021-03-12T08:46:57.329+0100][8.291s] GC(7) User=0.08s Sys=0.01s Real=0.07s
[2021-03-12T09:20:54.280+0100][2045.242s] GC(8) Pause Young (Normal) (G1 Evacuation Pause)
[2021-03-12T09:20:54.283+0100][2045.245s] GC(8) Using 4 workers of 4 for evacuation
[2021-03-12T09:20:54.321+0100][2045.283s] GC(8)   Pre Evacuate Collection Set: 0.0ms
[2021-03-12T09:20:54.321+0100][2045.283s] GC(8)   Evacuate Collection Set: 33.8ms
[2021-03-12T09:20:54.321+0100][2045.283s] GC(8)   Post Evacuate Collection Set: 3.3ms
[2021-03-12T09:20:54.321+0100][2045.283s] GC(8)   Other: 4.0ms
[2021-03-12T09:20:54.321+0100][2045.283s] GC(8) Eden regions: 156->0(183)
[2021-03-12T09:20:54.321+0100][2045.283s] GC(8) Survivor regions: 12->17(21)
[2021-03-12T09:20:54.321+0100][2045.283s] GC(8) Old regions: 19->23
[2021-03-12T09:20:54.321+0100][2045.283s] GC(8) Archive regions: 2->2
[2021-03-12T09:20:54.321+0100][2045.283s] GC(8) Humongous regions: 4->4
[2021-03-12T09:20:54.321+0100][2045.283s] GC(8) Metaspace: 49889K->49889K(1093632K)
[2021-03-12T09:20:54.322+0100][2045.283s] GC(8) Pause Young (Normal) (G1 Evacuation Pause) 191M->44M(512M) 41.869ms
[2021-03-12T09:20:54.322+0100][2045.283s] GC(8) User=0.08s Sys=0.01s Real=0.04s
[2021-03-12T11:40:21.943+0100][10412.905s] GC(9) Pause Young (Normal) (G1 Evacuation Pause)
[2021-03-12T11:40:21.949+0100][10412.911s] GC(9) Using 4 workers of 4 for evacuation
[2021-03-12T11:40:22.013+0100][10412.975s] GC(9)   Pre Evacuate Collection Set: 0.5ms
[2021-03-12T11:40:22.013+0100][10412.975s] GC(9)   Evacuate Collection Set: 44.3ms
[2021-03-12T11:40:22.013+0100][10412.975s] GC(9)   Post Evacuate Collection Set: 16.1ms
[2021-03-12T11:40:22.013+0100][10412.975s] GC(9)   Other: 13.6ms
[2021-03-12T11:40:22.013+0100][10412.975s] GC(9) Eden regions: 183->0(251)
[2021-03-12T11:40:22.013+0100][10412.975s] GC(9) Survivor regions: 17->11(25)
[2021-03-12T11:40:22.013+0100][10412.975s] GC(9) Old regions: 23->30
[2021-03-12T11:40:22.013+0100][10412.975s] GC(9) Archive regions: 2->2
[2021-03-12T11:40:22.013+0100][10412.975s] GC(9) Humongous regions: 7->7
[2021-03-12T11:40:22.014+0100][10412.976s] GC(9) Metaspace: 53877K->53877K(1097728K)
[2021-03-12T11:40:22.015+0100][10412.977s] GC(9) Pause Young (Normal) (G1 Evacuation Pause) 230M->48M(512M) 71.965ms
[2021-03-12T11:40:22.016+0100][10412.978s] GC(9) User=0.10s Sys=0.00s Real=0.07s
